<?xml version="1.0" encoding="UTF-8"?>
<testsuite name="project.finalproject1backend.FinalProject1BackendApplicationTests" tests="1" skipped="0" failures="0" errors="0" timestamp="2023-04-23T11:53:16" hostname="DESKTOP-U1G39AV" time="0.681">
  <properties/>
  <testcase name="contextLoads()" classname="project.finalproject1backend.FinalProject1BackendApplicationTests" time="0.681"/>
  <system-out><![CDATA[20:53:10.120 [Test worker] DEBUG org.springframework.boot.test.context.SpringBootTestContextBootstrapper -- Neither @ContextConfiguration nor @ContextHierarchy found for test class [FinalProject1BackendApplicationTests]: using SpringBootContextLoader
20:53:10.127 [Test worker] DEBUG org.springframework.test.context.support.AbstractContextLoader -- Could not detect default resource locations for test class [project.finalproject1backend.FinalProject1BackendApplicationTests]: no resource found for suffixes {-context.xml, Context.groovy}.
20:53:10.128 [Test worker] INFO org.springframework.test.context.support.AnnotationConfigContextLoaderUtils -- Could not detect default configuration classes for test class [project.finalproject1backend.FinalProject1BackendApplicationTests]: FinalProject1BackendApplicationTests does not declare any static, non-private, non-final, nested classes annotated with @Configuration.
20:53:10.159 [Test worker] DEBUG org.springframework.boot.test.context.SpringBootTestContextBootstrapper -- Using ContextCustomizers for test class [FinalProject1BackendApplicationTests]: [DisableObservabilityContextCustomizer, PropertyMappingContextCustomizer, Customizer, ExcludeFilterContextCustomizer, DuplicateJsonObjectContextCustomizer, MockitoContextCustomizer, TestRestTemplateContextCustomizer]
20:53:10.233 [Test worker] DEBUG org.springframework.context.annotation.ClassPathScanningCandidateComponentProvider -- Identified candidate component class: file [C:\Users\gsh93\Desktop\study\FinalProject-1-Backend\build\classes\java\main\project\finalproject1backend\FinalProject1BeckendApplication.class]
20:53:10.235 [Test worker] INFO org.springframework.boot.test.context.SpringBootTestContextBootstrapper -- Found @SpringBootConfiguration project.finalproject1backend.FinalProject1BeckendApplication for test class project.finalproject1backend.FinalProject1BackendApplicationTests
20:53:10.369 [Test worker] DEBUG org.springframework.boot.test.context.SpringBootTestContextBootstrapper -- Using TestExecutionListeners for test class [FinalProject1BackendApplicationTests]: [ServletTestExecutionListener, DirtiesContextBeforeModesTestExecutionListener, ApplicationEventsTestExecutionListener, MockitoTestExecutionListener, DependencyInjectionTestExecutionListener, DirtiesContextTestExecutionListener, TransactionalTestExecutionListener, SqlScriptsTestExecutionListener, WithSecurityContextTestExecutionListener, EventPublishingTestExecutionListener, ReactorContextTestExecutionListener, RestDocsTestExecutionListener, MockRestServiceServerResetTestExecutionListener, MockMvcPrintOnlyOnFailureTestExecutionListener, WebDriverTestExecutionListener, MockWebServiceServerTestExecutionListener, ResetMocksTestExecutionListener]
20:53:10.371 [Test worker] DEBUG org.springframework.test.context.support.AbstractDirtiesContextTestExecutionListener -- Before test class: class [FinalProject1BackendApplicationTests], class annotated with @DirtiesContext [false] with mode [null]

  .   ____          _            __ _ _
 /\\ / ___'_ __ _ _(_)_ __  __ _ \ \ \ \
( ( )\___ | '_ | '_| | '_ \/ _` | \ \ \ \
 \\/  ___)| |_)| | | | | || (_| |  ) ) ) )
  '  |____| .__|_| |_|_| |_\__, | / / / /
 =========|_|==============|___/=/_/_/_/
 :: Spring Boot ::                (v3.0.6)

2023-04-23T20:53:10.736+09:00  INFO 24924 --- [    Test worker] p.f.FinalProject1BackendApplicationTests : Starting FinalProject1BackendApplicationTests using Java 17.0.5 with PID 24924 (started by gh999 in C:\Users\gsh93\Desktop\study\FinalProject-1-Backend)
2023-04-23T20:53:10.737+09:00  INFO 24924 --- [    Test worker] p.f.FinalProject1BackendApplicationTests : No active profile set, falling back to 1 default profile: "default"
2023-04-23T20:53:11.389+09:00  INFO 24924 --- [    Test worker] .s.d.r.c.RepositoryConfigurationDelegate : Bootstrapping Spring Data JPA repositories in DEFAULT mode.
2023-04-23T20:53:11.409+09:00  INFO 24924 --- [    Test worker] .s.d.r.c.RepositoryConfigurationDelegate : Finished Spring Data repository scanning in 11 ms. Found 0 JPA repository interfaces.
2023-04-23T20:53:11.859+09:00  INFO 24924 --- [    Test worker] o.hibernate.jpa.internal.util.LogHelper  : HHH000204: Processing PersistenceUnitInfo [name: default]
2023-04-23T20:53:11.925+09:00  INFO 24924 --- [    Test worker] org.hibernate.Version                    : HHH000412: Hibernate ORM core version 6.1.7.Final
2023-04-23T20:53:12.274+09:00  INFO 24924 --- [    Test worker] com.zaxxer.hikari.HikariDataSource       : HikariPool-1 - Starting...
2023-04-23T20:53:15.265+09:00  INFO 24924 --- [    Test worker] com.zaxxer.hikari.pool.HikariPool        : HikariPool-1 - Added connection com.mysql.cj.jdbc.ConnectionImpl@6ef1c3f7
2023-04-23T20:53:15.267+09:00  INFO 24924 --- [    Test worker] com.zaxxer.hikari.HikariDataSource       : HikariPool-1 - Start completed.
2023-04-23T20:53:15.705+09:00  INFO 24924 --- [    Test worker] SQL dialect                              : HHH000400: Using dialect: org.hibernate.dialect.MySQLDialect
2023-04-23T20:53:16.006+09:00  INFO 24924 --- [    Test worker] o.h.e.t.j.p.i.JtaPlatformInitiator       : HHH000490: Using JtaPlatform implementation: [org.hibernate.engine.transaction.jta.platform.internal.NoJtaPlatform]
2023-04-23T20:53:16.020+09:00  INFO 24924 --- [    Test worker] j.LocalContainerEntityManagerFactoryBean : Initialized JPA EntityManagerFactory for persistence unit 'default'
2023-04-23T20:53:16.701+09:00  WARN 24924 --- [    Test worker] .s.s.UserDetailsServiceAutoConfiguration : 

Using generated security password: d75a3591-026e-4267-8922-89d463ebc269

This generated password is for development use only. Your security configuration must be updated before running your application in production.

2023-04-23T20:53:16.865+09:00  INFO 24924 --- [    Test worker] o.s.s.web.DefaultSecurityFilterChain     : Will secure any request with [org.springframework.security.web.session.DisableEncodeUrlFilter@17c34e62, org.springframework.security.web.context.request.async.WebAsyncManagerIntegrationFilter@239d73ff, org.springframework.security.web.context.SecurityContextHolderFilter@6a63ff31, org.springframework.security.web.header.HeaderWriterFilter@37083af6, org.springframework.security.web.csrf.CsrfFilter@1bde9a22, org.springframework.security.web.authentication.logout.LogoutFilter@3ddac0b6, org.springframework.security.web.authentication.UsernamePasswordAuthenticationFilter@a30dbc0, org.springframework.security.web.authentication.ui.DefaultLoginPageGeneratingFilter@5cd6719d, org.springframework.security.web.authentication.ui.DefaultLogoutPageGeneratingFilter@6bf28f61, org.springframework.security.web.authentication.www.BasicAuthenticationFilter@2ac3d530, org.springframework.security.web.savedrequest.RequestCacheAwareFilter@6f36267d, org.springframework.security.web.servletapi.SecurityContextHolderAwareRequestFilter@1a85e86e, org.springframework.security.web.authentication.AnonymousAuthenticationFilter@64dcf763, org.springframework.security.web.access.ExceptionTranslationFilter@253b1cbd, org.springframework.security.web.access.intercept.AuthorizationFilter@283ecb4b]
2023-04-23T20:53:16.928+09:00  INFO 24924 --- [    Test worker] p.f.FinalProject1BackendApplicationTests : Started FinalProject1BackendApplicationTests in 6.499 seconds (process running for 7.762)
2023-04-23 11:53:17
]]></system-out>
  <system-err><![CDATA[]]></system-err>
</testsuite>
